<?xml version="1.0" encoding="UTF-8"?>
<!-- Generated by org.testng.reporters.JUnitXMLReporter -->
<testsuite ignored="0" hostname="DESKTOP-P28HKM6" failures="0" tests="2" name="FirefoxTest" time="3.999" errors="0" timestamp="2022-09-22T14:16:16 IST">
  <testcase classname="Test.TestNgClassRdbus" name="@BeforeMethod openhomepage" time="0.558">
    <failure type="org.openqa.selenium.NoSuchWindowException" message="Browsing context has been discarded
Build info: version: &amp;apos;3.141.59&amp;apos;, revision: &amp;apos;e82be7d358&amp;apos;, time: &amp;apos;2018-11-14T08:17:03&amp;apos;
System info: host: &amp;apos;DESKTOP-P28HKM6&amp;apos;, ip: &amp;apos;192.168.43.205&amp;apos;, os.name: &amp;apos;Windows 10&amp;apos;, os.arch: &amp;apos;amd64&amp;apos;, os.version: &amp;apos;10.0&amp;apos;, java.version: &amp;apos;18.0.1.1&amp;apos;
Driver info: org.openqa.selenium.firefox.FirefoxDriver
Capabilities {acceptInsecureCerts: true, browserName: firefox, browserVersion: 105.0, javascriptEnabled: true, moz:accessibilityChecks: false, moz:buildID: 20220915150737, moz:geckodriverVersion: 0.31.0, moz:headless: false, moz:platformVersion: 10.0, moz:processID: 18300, moz:profile: C:\Users\Shree\AppData\Loca..., moz:shutdownTimeout: 60000, moz:useNonSpecCompliantPointerOrigin: false, moz:webdriverClick: true, moz:windowless: false, pageLoadStrategy: normal, platform: WINDOWS, platformName: WINDOWS, proxy: Proxy(), setWindowRect: true, strictFileInteractability: false, timeouts: {implicit: 0, pageLoad: 300000, script: 30000}, unhandledPromptBehavior: dismiss and notify}
Session ID: 6ba06d2d-a01f-48e5-b9bb-a71d49063ca8
*** Element info: {Using=xpath, value=//input[@data-message=&amp;apos;Please enter a source city&amp;apos;]}">
      <![CDATA[org.openqa.selenium.NoSuchWindowException: Browsing context has been discarded
Build info: version: '3.141.59', revision: 'e82be7d358', time: '2018-11-14T08:17:03'
System info: host: 'DESKTOP-P28HKM6', ip: '192.168.43.205', os.name: 'Windows 10', os.arch: 'amd64', os.version: '10.0', java.version: '18.0.1.1'
Driver info: org.openqa.selenium.firefox.FirefoxDriver
Capabilities {acceptInsecureCerts: true, browserName: firefox, browserVersion: 105.0, javascriptEnabled: true, moz:accessibilityChecks: false, moz:buildID: 20220915150737, moz:geckodriverVersion: 0.31.0, moz:headless: false, moz:platformVersion: 10.0, moz:processID: 18300, moz:profile: C:\Users\Shree\AppData\Loca..., moz:shutdownTimeout: 60000, moz:useNonSpecCompliantPointerOrigin: false, moz:webdriverClick: true, moz:windowless: false, pageLoadStrategy: normal, platform: WINDOWS, platformName: WINDOWS, proxy: Proxy(), setWindowRect: true, strictFileInteractability: false, timeouts: {implicit: 0, pageLoad: 300000, script: 30000}, unhandledPromptBehavior: dismiss and notify}
Session ID: 6ba06d2d-a01f-48e5-b9bb-a71d49063ca8
*** Element info: {Using=xpath, value=//input[@data-message='Please enter a source city']}
at org.openqa.selenium.remote.http.W3CHttpResponseCodec.createException(W3CHttpResponseCodec.java:187)
at org.openqa.selenium.remote.http.W3CHttpResponseCodec.decode(W3CHttpResponseCodec.java:122)
at org.openqa.selenium.remote.http.W3CHttpResponseCodec.decode(W3CHttpResponseCodec.java:49)
at org.openqa.selenium.remote.HttpCommandExecutor.execute(HttpCommandExecutor.java:158)
at org.openqa.selenium.remote.service.DriverCommandExecutor.execute(DriverCommandExecutor.java:83)
at org.openqa.selenium.remote.RemoteWebDriver.execute(RemoteWebDriver.java:552)
at org.openqa.selenium.remote.RemoteWebDriver.findElement(RemoteWebDriver.java:323)
at org.openqa.selenium.remote.RemoteWebDriver.findElementByXPath(RemoteWebDriver.java:428)
at org.openqa.selenium.By$ByXPath.findElement(By.java:353)
at org.openqa.selenium.remote.RemoteWebDriver.findElement(RemoteWebDriver.java:315)
at org.openqa.selenium.support.pagefactory.DefaultElementLocator.findElement(DefaultElementLocator.java:69)
at org.openqa.selenium.support.pagefactory.internal.LocatingElementHandler.invoke(LocatingElementHandler.java:38)
at jdk.proxy2/jdk.proxy2.$Proxy17.sendKeys(Unknown Source)
at pagered.HomepageRed.bookbus(HomepageRed.java:25)
at Test.TestNgClassRdbus.openhomepage(TestNgClassRdbus.java:52)
at java.base/java.util.ArrayList.forEach(ArrayList.java:1511)
... Removed 32 stack frames]]>
    </failure>
  </testcase> <!-- @BeforeMethod openhomepage -->
  <testcase classname="Test.TestNgClassRdbus" name="@AfterMethod aftermethod" time="-1.663836376369E9">
    <skipped/>
  </testcase> <!-- @AfterMethod aftermethod -->
  <testcase classname="Test.TestNgClassRdbus" name="@BeforeMethod openhomepage" time="-1.663836376382E9">
    <skipped/>
  </testcase> <!-- @BeforeMethod openhomepage -->
  <testcase classname="Test.TestNgClassRdbus" name="@AfterMethod aftermethod" time="-1.663836376409E9">
    <skipped/>
  </testcase> <!-- @AfterMethod aftermethod -->
  <testcase classname="Test.TestNgClassRdbus" name="@AfterClass clearobject" time="-1.663836376413E9">
    <skipped/>
  </testcase> <!-- @AfterClass clearobject -->
  <testcase classname="Test.TestNgClassRdbus" name="@AfterTest closeBrowser" time="-1.663836376421E9">
    <skipped/>
  </testcase> <!-- @AfterTest closeBrowser -->
  <testcase classname="Test.TestNgClassRdbus" name="checkbooking" time="0.0">
    <skipped/>
  </testcase> <!-- checkbooking -->
  <testcase classname="Test.TestNgClassRdbus" name="clickontech" time="0.0">
    <skipped/>
  </testcase> <!-- clickontech -->
</testsuite> <!-- FirefoxTest -->
